Using pre-set license
Built from '2021.1/staging' branch; Version is '2021.1.19f1 (5f5eb8bbdc25) revision 6250168'; Using compiler version '192528614'; Build Type 'Release'
OS: 'Windows 10 Home Single Language; OS build 19043.1165; Version 2009; 64bit' Language: 'es' Physical Memory: 3968 MB
BatchMode: 1, IsHumanControllingUs: 0, StartBugReporterOnCrash: 0, Is64bit: 1, IsPro: 0

COMMAND LINE ARGUMENTS:
C:\Program Files\Unity\Hub\Editor\2021.1.19f1\Editor\Unity.exe
-adb2
-batchMode
-noUpm
-name
AssetImportWorker35
-projectPath
C:/Users/Dany/Documents/Respaldo-Nohelia/INGENIERIA DEL SOTFWARE/NODA
-logFile
Logs/AssetImportWorker35.log
-srvPort
49545
Successfully changed project path to: C:/Users/Dany/Documents/Respaldo-Nohelia/INGENIERIA DEL SOTFWARE/NODA
C:/Users/Dany/Documents/Respaldo-Nohelia/INGENIERIA DEL SOTFWARE/NODA
Using Asset Import Pipeline V2.
