Using pre-set license
Built from '2021.1/staging' branch; Version is '2021.1.19f1 (5f5eb8bbdc25) revision 6250168'; Using compiler version '192528614'; Build Type 'Release'
OS: 'Windows 10 Home Single Language; OS build 19043.1237; Version 2009; 64bit' Language: 'es' Physical Memory: 3968 MB
BatchMode: 1, IsHumanControllingUs: 0, StartBugReporterOnCrash: 0, Is64bit: 1, IsPro: 0

COMMAND LINE ARGUMENTS:
C:\Program Files\Unity\Hub\Editor\2021.1.19f1\Editor\Unity.exe
-adb2
-batchMode
-noUpm
-name
AssetImportWorker10
-projectPath
C:/Users/Dany/Documents/Respaldo-Nohelia/INGENIERIA DEL SOTFWARE/NODA
-logFile
Logs/AssetImportWorker10.log
-srvPort
60938
Successfully changed project path to: C:/Users/Dany/Documents/Respaldo-Nohelia/INGENIERIA DEL SOTFWARE/NODA
C:/Users/Dany/Documents/Respaldo-Nohelia/INGENIERIA DEL SOTFWARE/NODA
Using Asset Import Pipeline V2.
Refreshing native plugins compatible for Editor in 188.07 ms, found 4 plugins.
Preloading 0 native plugins for Editor in 0.00 ms.
Initialize engine version: 2021.1.19f1 (5f5eb8bbdc25)
[Subsystems] Discovering subsystems at path C:/Program Files/Unity/Hub/Editor/2021.1.19f1/Editor/Data/Resources/UnitySubsystems
[Subsystems] Discovering subsystems at path C:/Users/Dany/Documents/Respaldo-Nohelia/INGENIERIA DEL SOTFWARE/NODA/Assets
GfxDevice: creating device client; threaded=0; jobified=0
Direct3D:
    Version:  Direct3D 11.0 [level 11.1]
    Renderer: Intel(R) HD Graphics 610 (ID=0x5906)
    Vendor:   Intel
    VRAM:     1984 MB
    Driver:   24.20.100.6346
Initialize mono
Mono path[0] = 'C:/Program Files/Unity/Hub/Editor/2021.1.19f1/Editor/Data/Managed'
Mono path[1] = 'C:/Program Files/Unity/Hub/Editor/2021.1.19f1/Editor/Data/MonoBleedingEdge/lib/mono/unityjit'
Mono config path = 'C:/Program Files/Unity/Hub/Editor/2021.1.19f1/Editor/Data/MonoBleedingEdge/etc'
Using monoOptions --debugger-agent=transport=dt_socket,embedding=1,server=y,suspend=n,address=127.0.0.1:56272
Begin MonoManager ReloadAssembly
Registering precompiled unity dll's ...
Register platform support module: C:/Program Files/Unity/Hub/Editor/2021.1.19f1/Editor/Data/PlaybackEngines/WindowsStandaloneSupport/UnityEditor.WindowsStandalone.Extensions.dll
Registered in 0.003736 seconds.
Native extension for WindowsStandalone target not found
Refreshing native plugins compatible for Editor in 180.75 ms, found 4 plugins.
Preloading 0 native plugins for Editor in 0.00 ms.
Mono: successfully reloaded assembly
- Completed reload, in  3.030 seconds
Domain Reload Profiling:
	ReloadAssembly (3031ms)
		BeginReloadAssembly (164ms)
			ExecutionOrderSort (0ms)
			DisableScriptedObjects (0ms)
			BackupInstance (0ms)
			ReleaseScriptingObjects (0ms)
			CreateAndSetChildDomain (1ms)
		EndReloadAssembly (817ms)
			LoadAssemblies (160ms)
			RebuildTransferFunctionScriptingTraits (0ms)
			SetupTypeCache (270ms)
			ReleaseScriptCaches (0ms)
			RebuildScriptCaches (52ms)
			SetupLoadedEditorAssemblies (411ms)
				LogAssemblyErrors (0ms)
				InitializePlatformSupportModulesInManaged (10ms)
				SetLoadedEditorAssemblies (0ms)
				RefreshPlugins (181ms)
				BeforeProcessingInitializeOnLoad (2ms)
				ProcessInitializeOnLoadAttributes (166ms)
				ProcessInitializeOnLoadMethodAttributes (51ms)
				AfterProcessingInitializeOnLoad (0ms)
				EditorAssembliesLoaded (0ms)
			ExecutionOrderSort2 (0ms)
			AwakeInstancesAfterBackupRestoration (0ms)
Platform modules already initialized, skipping
Registering precompiled user dll's ...
Registered in 0.008998 seconds.
